2025-04-15 07:51:07.159  INFO 43333 --- [restartedMain] com.xiaour.spring.boot.Application       : Starting Application on Jiafei.local with PID 43333 (/Users/jiafei/javaWeb/SpringBootDemo/SpringBootDemo/target/classes started by jiafei in /Users/jiafei/javaWeb/SpringBootDemo/SpringBootDemo)
2025-04-15 07:51:07.159  INFO 43333 --- [restartedMain] com.xiaour.spring.boot.Application       : No active profile set, falling back to default profiles: default
2025-04-15 07:51:07.216  INFO 43333 --- [restartedMain] ationConfigEmbeddedWebApplicationContext : Refreshing org.springframework.boot.context.embedded.AnnotationConfigEmbeddedWebApplicationContext@79376298: startup date [Tue Apr 15 07:51:07 CST 2025]; root of context hierarchy
2025-04-15 07:51:07.433  INFO 43333 --- [restartedMain] .s.d.r.c.RepositoryConfigurationDelegate : Multiple Spring Data modules found, entering strict repository configuration mode!
2025-04-15 07:51:07.508  INFO 43333 --- [restartedMain] f.a.AutowiredAnnotationBeanPostProcessor : JSR-330 'javax.inject.Inject' annotation found and supported for autowiring
2025-04-15 07:51:07.549  INFO 43333 --- [restartedMain] trationDelegate$BeanPostProcessorChecker : Bean 'org.springframework.transaction.annotation.ProxyTransactionManagementConfiguration' of type [org.springframework.transaction.annotation.ProxyTransactionManagementConfiguration$$EnhancerBySpringCGLIB$$14ad3b9d] is not eligible for getting processed by all BeanPostProcessors (for example: not eligible for auto-proxying)
2025-04-15 07:51:07.644  INFO 43333 --- [restartedMain] s.b.c.e.t.TomcatEmbeddedServletContainer : Tomcat initialized with port(s): 8080 (http)
2025-04-15 07:51:07.647  INFO 43333 --- [restartedMain] o.apache.catalina.core.StandardService   : Starting service Tomcat
2025-04-15 07:51:07.648  INFO 43333 --- [restartedMain] org.apache.catalina.core.StandardEngine  : Starting Servlet Engine: Apache Tomcat/8.5.11
2025-04-15 07:51:07.667  INFO 43333 --- [localhost-startStop-1] o.a.c.c.C.[Tomcat].[localhost].[/]       : Initializing Spring embedded WebApplicationContext
2025-04-15 07:51:07.668  INFO 43333 --- [localhost-startStop-1] o.s.web.context.ContextLoader            : Root WebApplicationContext: initialization completed in 453 ms
2025-04-15 07:51:07.733  INFO 43333 --- [localhost-startStop-1] o.s.b.w.servlet.ServletRegistrationBean  : Mapping servlet: 'dispatcherServlet' to [/]
2025-04-15 07:51:07.733  INFO 43333 --- [localhost-startStop-1] o.s.b.w.servlet.ServletRegistrationBean  : Mapping servlet: 'com.xiaour.spring.boot.filter.MyFilter' to [/druid/*]
2025-04-15 07:51:07.734  INFO 43333 --- [localhost-startStop-1] o.s.b.w.servlet.FilterRegistrationBean   : Mapping filter: 'characterEncodingFilter' to: [/*]
2025-04-15 07:51:07.734  INFO 43333 --- [localhost-startStop-1] o.s.b.w.servlet.FilterRegistrationBean   : Mapping filter: 'hiddenHttpMethodFilter' to: [/*]
2025-04-15 07:51:07.734  INFO 43333 --- [localhost-startStop-1] o.s.b.w.servlet.FilterRegistrationBean   : Mapping filter: 'httpPutFormContentFilter' to: [/*]
2025-04-15 07:51:07.734  INFO 43333 --- [localhost-startStop-1] o.s.b.w.servlet.FilterRegistrationBean   : Mapping filter: 'requestContextFilter' to: [/*]
2025-04-15 07:51:07.734  INFO 43333 --- [localhost-startStop-1] o.s.b.w.servlet.FilterRegistrationBean   : Mapping filter: 'druidWebStatFilter' to urls: [/*]
2025-04-15 07:51:07.734  INFO 43333 --- [localhost-startStop-1] o.s.b.w.servlet.FilterRegistrationBean   : Mapping filter: 'myFilter' to urls: [/*]
2025-04-15 07:51:07.945  INFO 43333 --- [restartedMain] s.w.s.m.m.a.RequestMappingHandlerAdapter : Looking for @ControllerAdvice: org.springframework.boot.context.embedded.AnnotationConfigEmbeddedWebApplicationContext@79376298: startup date [Tue Apr 15 07:51:07 CST 2025]; root of context hierarchy
2025-04-15 07:51:07.986  INFO 43333 --- [restartedMain] s.w.s.m.m.a.RequestMappingHandlerMapping : Mapped "{[/test/index]}" onto public java.lang.String com.xiaour.spring.boot.controller.TestCtrl.index()
2025-04-15 07:51:07.987  INFO 43333 --- [restartedMain] s.w.s.m.m.a.RequestMappingHandlerMapping : Mapped "{[/test/getUser/{id}]}" onto public java.lang.String com.xiaour.spring.boot.controller.TestCtrl.get(int)
2025-04-15 07:51:07.987  INFO 43333 --- [restartedMain] s.w.s.m.m.a.RequestMappingHandlerMapping : Mapped "{[/test/get]}" onto public java.lang.String com.xiaour.spring.boot.controller.TestCtrl.get(java.lang.String)
2025-04-15 07:51:07.987  INFO 43333 --- [restartedMain] s.w.s.m.m.a.RequestMappingHandlerMapping : Mapped "{[/test/set]}" onto public java.lang.String com.xiaour.spring.boot.controller.TestCtrl.set(java.lang.String,java.lang.String) throws java.lang.Exception
2025-04-15 07:51:07.988  INFO 43333 --- [restartedMain] s.w.s.m.m.a.RequestMappingHandlerMapping : Mapped "{[/error]}" onto public org.springframework.http.ResponseEntity<java.util.Map<java.lang.String, java.lang.Object>> org.springframework.boot.autoconfigure.web.BasicErrorController.error(javax.servlet.http.HttpServletRequest)
2025-04-15 07:51:07.988  INFO 43333 --- [restartedMain] s.w.s.m.m.a.RequestMappingHandlerMapping : Mapped "{[/error],produces=[text/html]}" onto public org.springframework.web.servlet.ModelAndView org.springframework.boot.autoconfigure.web.BasicErrorController.errorHtml(javax.servlet.http.HttpServletRequest,javax.servlet.http.HttpServletResponse)
2025-04-15 07:51:07.998  INFO 43333 --- [restartedMain] o.s.w.s.handler.SimpleUrlHandlerMapping  : Mapped URL path [/webjars/**] onto handler of type [class org.springframework.web.servlet.resource.ResourceHttpRequestHandler]
2025-04-15 07:51:07.998  INFO 43333 --- [restartedMain] o.s.w.s.handler.SimpleUrlHandlerMapping  : Mapped URL path [/**] onto handler of type [class org.springframework.web.servlet.resource.ResourceHttpRequestHandler]
2025-04-15 07:51:08.010  INFO 43333 --- [restartedMain] o.s.w.s.handler.SimpleUrlHandlerMapping  : Mapped URL path [/**/favicon.ico] onto handler of type [class org.springframework.web.servlet.resource.ResourceHttpRequestHandler]
2025-04-15 07:51:08.021  WARN 43333 --- [restartedMain] .t.AbstractTemplateResolverConfiguration : Cannot find template location: classpath:/templates/ (please add some templates or check your Thymeleaf configuration)
2025-04-15 07:51:08.159  INFO 43333 --- [restartedMain] o.s.b.d.a.OptionalLiveReloadServer       : LiveReload server is running on port 35729
2025-04-15 07:51:08.182  INFO 43333 --- [restartedMain] o.s.j.e.a.AnnotationMBeanExporter        : Registering beans for JMX exposure on startup
2025-04-15 07:51:08.182  INFO 43333 --- [restartedMain] o.s.j.e.a.AnnotationMBeanExporter        : Bean with name 'dataSource' has been autodetected for JMX exposure
2025-04-15 07:51:08.185  INFO 43333 --- [restartedMain] o.s.j.e.a.AnnotationMBeanExporter        : Located MBean 'dataSource': registering with JMX server as MBean [com.alibaba.druid.pool:name=dataSource,type=DruidDataSource]
2025-04-15 07:51:08.190  INFO 43333 --- [restartedMain] s.a.ScheduledAnnotationBeanPostProcessor : No TaskScheduler/ScheduledExecutorService bean found for scheduled processing
2025-04-15 07:51:08.209  INFO 43333 --- [restartedMain] s.b.c.e.t.TomcatEmbeddedServletContainer : Tomcat started on port(s): 8080 (http)
2025-04-15 07:51:08.211  INFO 43333 --- [restartedMain] com.xiaour.spring.boot.Application       : Started Application in 1.139 seconds (JVM running for 1.364)
2025-04-15 07:51:11.371  INFO 43333 --- [Thread-12] ationConfigEmbeddedWebApplicationContext : Closing org.springframework.boot.context.embedded.AnnotationConfigEmbeddedWebApplicationContext@79376298: startup date [Tue Apr 15 07:51:07 CST 2025]; root of context hierarchy
2025-04-15 07:51:11.372  INFO 43333 --- [Thread-12] o.s.j.e.a.AnnotationMBeanExporter        : Unregistering JMX-exposed beans on shutdown
2025-04-15 07:51:11.372  INFO 43333 --- [Thread-12] o.s.j.e.a.AnnotationMBeanExporter        : Unregistering JMX-exposed beans
